[2025-05-27 22:28:16.463 PM] info: 	用户认证密码已加载。
[2025-05-27 22:28:16.465 PM] info: 	开发环境：前端由Vite开发服务器提供服务 (http://localhost:5173)
[2025-05-27 22:28:16.597 PM] info: 	服务器运行在 http://localhost:3000
[2025-05-27 22:28:36.433 PM] info: 	[0mOPTIONS /api/orders/active?pageSize=1000 [32m200[0m 3.064 ms - 12[0m
[2025-05-27 22:28:36.435 PM] info: 	[0mOPTIONS /api/orders/closed?pageSize=1000 [32m200[0m 0.448 ms - 12[0m
[2025-05-27 22:28:36.438 PM] info: 	[0mOPTIONS /api/providers [32m200[0m 0.362 ms - 13[0m
[2025-05-27 22:28:36.440 PM] info: 	[0mOPTIONS /api/orders/active?pageSize=1000 [32m200[0m 0.373 ms - 12[0m
[2025-05-27 22:28:36.441 PM] info: 	[0mOPTIONS /api/orders/closed?pageSize=1000 [32m200[0m 0.188 ms - 12[0m
[2025-05-27 22:28:36.442 PM] info: 	[0mGET /api/orders/active?pageSize=1000 [32m200[0m 7.981 ms - 92[0m
[2025-05-27 22:28:36.443 PM] info: 	[0mGET /api/providers [32m200[0m 2.139 ms - 2[0m
[2025-05-27 22:28:36.444 PM] info: 	[0mOPTIONS /api/providers [32m200[0m 0.183 ms - 13[0m
[2025-05-27 22:28:36.445 PM] info: 	[0mGET /api/orders/closed?pageSize=1000 [32m200[0m 7.619 ms - 92[0m
[2025-05-27 22:28:36.445 PM] info: 	[0mGET /api/providers [36m304[0m 1.311 ms - -[0m
[2025-05-27 22:28:36.446 PM] info: 	[0mGET /api/orders/active?pageSize=1000 [36m304[0m 0.860 ms - -[0m
[2025-05-27 22:28:36.446 PM] info: 	[0mGET /api/orders/closed?pageSize=1000 [36m304[0m 0.743 ms - -[0m
[2025-05-27 22:32:27.882 PM] info: 	[0mOPTIONS /api/orders/active?pageSize=1000 [32m200[0m 1.078 ms - 12[0m
[2025-05-27 22:32:27.883 PM] info: 	[0mOPTIONS /api/orders/closed?pageSize=1000 [32m200[0m 0.232 ms - 12[0m
[2025-05-27 22:32:27.885 PM] info: 	[0mOPTIONS /api/providers [32m200[0m 0.163 ms - 13[0m
[2025-05-27 22:32:27.886 PM] info: 	[0mOPTIONS /api/orders/active?pageSize=1000 [32m200[0m 0.127 ms - 12[0m
[2025-05-27 22:32:27.888 PM] info: 	[0mOPTIONS /api/orders/closed?pageSize=1000 [32m200[0m 0.150 ms - 12[0m
[2025-05-27 22:32:27.888 PM] info: 	[0mGET /api/orders/closed?pageSize=1000 [36m304[0m 4.313 ms - -[0m
[2025-05-27 22:32:27.889 PM] info: 	[0mGET /api/orders/active?pageSize=1000 [36m304[0m 4.624 ms - -[0m
[2025-05-27 22:32:27.889 PM] info: 	[0mGET /api/providers [36m304[0m 2.895 ms - -[0m
[2025-05-27 22:32:27.890 PM] info: 	[0mOPTIONS /api/providers [32m200[0m 0.118 ms - 13[0m
[2025-05-27 22:32:27.891 PM] info: 	[0mGET /api/providers [36m304[0m 0.939 ms - -[0m
[2025-05-27 22:32:27.892 PM] info: 	[0mGET /api/orders/closed?pageSize=1000 [36m304[0m 1.394 ms - -[0m
[2025-05-27 22:32:27.892 PM] info: 	[0mGET /api/orders/active?pageSize=1000 [36m304[0m 1.463 ms - -[0m
[2025-05-27 22:33:24.848 PM] info: 	[0mOPTIONS /api/providers [32m200[0m 0.414 ms - 13[0m
[2025-05-27 22:33:24.870 PM] info: 	[0mPOST /api/providers [32m201[0m 20.425 ms - 181[0m
[2025-05-27 22:33:24.875 PM] info: 	[0mOPTIONS /api/orders/active?pageSize=1000 [32m200[0m 0.218 ms - 12[0m
[2025-05-27 22:33:24.876 PM] info: 	[0mOPTIONS /api/orders/closed?pageSize=1000 [32m200[0m 0.182 ms - 12[0m
[2025-05-27 22:33:24.878 PM] info: 	[0mGET /api/providers [32m200[0m 0.700 ms - 185[0m
[2025-05-27 22:33:24.879 PM] info: 	[0mGET /api/orders/active?pageSize=1000 [36m304[0m 2.045 ms - -[0m
[2025-05-27 22:33:24.880 PM] info: 	[0mGET /api/orders/closed?pageSize=1000 [36m304[0m 1.829 ms - -[0m
[2025-05-27 22:33:36.658 PM] info: 	[0mOPTIONS /api/providers/details?accessKey=02a62861-f9bf-4175-8416-b25e769c7957 [32m200[0m 0.723 ms - 15[0m
[2025-05-27 22:33:36.659 PM] info: 	[0mOPTIONS /api/providers/details?accessKey=02a62861-f9bf-4175-8416-b25e769c7957 [32m200[0m 0.161 ms - 15[0m
[2025-05-27 22:33:36.660 PM] info: 	[0mGET /api/providers/details?accessKey=02a62861-f9bf-4175-8416-b25e769c7957 [32m200[0m 0.811 ms - 183[0m
[2025-05-27 22:33:36.661 PM] info: 	[0mGET /api/providers/details?accessKey=02a62861-f9bf-4175-8416-b25e769c7957 [36m304[0m 0.360 ms - -[0m
[2025-05-27 22:33:36.680 PM] info: 	[0mOPTIONS /api/providers/02a62861-f9bf-4175-8416-b25e769c7957/available-orders [32m200[0m 0.190 ms - 8[0m
[2025-05-27 22:33:36.681 PM] info: 	[0mOPTIONS /api/providers/02a62861-f9bf-4175-8416-b25e769c7957/available-orders [32m200[0m 0.189 ms - 8[0m
[2025-05-27 22:33:36.683 PM] info: 	[0mGET /api/providers/02a62861-f9bf-4175-8416-b25e769c7957/available-orders [32m200[0m 2.834 ms - 120[0m
[2025-05-27 22:33:36.684 PM] info: 	[0mOPTIONS /api/providers/02a62861-f9bf-4175-8416-b25e769c7957/quote-history [32m200[0m 0.092 ms - 8[0m
[2025-05-27 22:33:36.685 PM] info: 	[0mGET /api/providers/02a62861-f9bf-4175-8416-b25e769c7957/available-orders [36m304[0m 1.258 ms - -[0m
[2025-05-27 22:33:36.686 PM] info: 	[0mGET /api/providers/02a62861-f9bf-4175-8416-b25e769c7957/quote-history [32m200[0m 1.508 ms - 120[0m
[2025-05-27 22:33:36.687 PM] info: 	[0mGET /api/providers/02a62861-f9bf-4175-8416-b25e769c7957/quote-history [36m304[0m 0.503 ms - -[0m
[2025-05-27 22:35:46.632 PM] info: 	[0mOPTIONS /api/providers/details?accessKey=02a62861-f9bf-4175-8416-b25e769c7957 [32m200[0m 0.361 ms - 15[0m
[2025-05-27 22:35:46.634 PM] info: 	[0mGET /api/providers/details?accessKey=02a62861-f9bf-4175-8416-b25e769c7957 [36m304[0m 0.704 ms - -[0m
[2025-05-27 22:35:46.636 PM] info: 	[0mOPTIONS /api/providers/02a62861-f9bf-4175-8416-b25e769c7957/available-orders [32m200[0m 0.232 ms - 8[0m
[2025-05-27 22:35:46.639 PM] info: 	[0mGET /api/providers/02a62861-f9bf-4175-8416-b25e769c7957/available-orders [36m304[0m 1.806 ms - -[0m
[2025-05-27 22:35:46.642 PM] info: 	[0mOPTIONS /api/providers/02a62861-f9bf-4175-8416-b25e769c7957/quote-history [32m200[0m 0.356 ms - 8[0m
[2025-05-27 22:35:46.646 PM] info: 	[0mGET /api/providers/02a62861-f9bf-4175-8416-b25e769c7957/quote-history [36m304[0m 2.862 ms - -[0m
[2025-05-27 22:35:55.630 PM] info: 	[0mOPTIONS /api/providers/details?accessKey=02a62861-f9bf-4175-8416-b25e769c7957 [32m200[0m 0.720 ms - 15[0m
[2025-05-27 22:35:55.633 PM] info: 	[0mGET /api/providers/details?accessKey=02a62861-f9bf-4175-8416-b25e769c7957 [36m304[0m 0.746 ms - -[0m
[2025-05-27 22:35:55.638 PM] info: 	[0mOPTIONS /api/providers/02a62861-f9bf-4175-8416-b25e769c7957/available-orders [32m200[0m 0.359 ms - 8[0m
[2025-05-27 22:35:55.641 PM] info: 	[0mGET /api/providers/02a62861-f9bf-4175-8416-b25e769c7957/available-orders [36m304[0m 1.891 ms - -[0m
[2025-05-27 22:35:55.646 PM] info: 	[0mOPTIONS /api/providers/02a62861-f9bf-4175-8416-b25e769c7957/quote-history [32m200[0m 0.396 ms - 8[0m
[2025-05-27 22:35:55.649 PM] info: 	[0mGET /api/providers/02a62861-f9bf-4175-8416-b25e769c7957/quote-history [36m304[0m 1.418 ms - -[0m
[2025-05-27 22:36:55.530 PM] info: 	[0mOPTIONS /api/providers/details?accessKey=02a62861-f9bf-4175-8416-b25e769c7957 [32m200[0m 0.174 ms - 15[0m
[2025-05-27 22:36:55.531 PM] info: 	[0mOPTIONS /api/providers/details?accessKey=02a62861-f9bf-4175-8416-b25e769c7957 [32m200[0m 0.165 ms - 15[0m
[2025-05-27 22:36:55.532 PM] info: 	[0mGET /api/providers/details?accessKey=02a62861-f9bf-4175-8416-b25e769c7957 [36m304[0m 0.457 ms - -[0m
[2025-05-27 22:36:55.533 PM] info: 	[0mGET /api/providers/details?accessKey=02a62861-f9bf-4175-8416-b25e769c7957 [36m304[0m 0.583 ms - -[0m
[2025-05-27 22:36:55.547 PM] info: 	[0mOPTIONS /api/providers/02a62861-f9bf-4175-8416-b25e769c7957/available-orders [32m200[0m 0.592 ms - 8[0m
[2025-05-27 22:36:55.549 PM] info: 	[0mOPTIONS /api/providers/02a62861-f9bf-4175-8416-b25e769c7957/available-orders [32m200[0m 0.382 ms - 8[0m
[2025-05-27 22:36:55.569 PM] info: 	[0mGET /api/providers/02a62861-f9bf-4175-8416-b25e769c7957/available-orders [36m304[0m 7.751 ms - -[0m
[2025-05-27 22:36:55.571 PM] info: 	[0mOPTIONS /api/providers/02a62861-f9bf-4175-8416-b25e769c7957/quote-history [32m200[0m 0.102 ms - 8[0m
[2025-05-27 22:36:55.574 PM] info: 	[0mGET /api/providers/02a62861-f9bf-4175-8416-b25e769c7957/available-orders [36m304[0m 4.753 ms - -[0m
[2025-05-27 22:36:55.581 PM] info: 	[0mGET /api/providers/02a62861-f9bf-4175-8416-b25e769c7957/quote-history [36m304[0m 7.380 ms - -[0m
[2025-05-27 22:36:55.585 PM] info: 	[0mGET /api/providers/02a62861-f9bf-4175-8416-b25e769c7957/quote-history [36m304[0m 3.490 ms - -[0m
[2025-05-27 22:40:12.830 PM] info: 	[0mOPTIONS /api/orders [32m200[0m 0.346 ms - 13[0m
[2025-05-27 22:40:12.838 PM] info: 	[0mPOST /api/orders [32m201[0m 6.389 ms - 110[0m
[2025-05-27 22:40:15.847 PM] info: 	[0mOPTIONS /api/orders/active?pageSize=1000 [32m200[0m 0.457 ms - 12[0m
[2025-05-27 22:40:15.848 PM] info: 	[0mOPTIONS /api/orders/closed?pageSize=1000 [32m200[0m 0.209 ms - 12[0m
[2025-05-27 22:40:15.849 PM] info: 	[0mOPTIONS /api/providers [32m200[0m 0.164 ms - 13[0m
[2025-05-27 22:40:15.853 PM] info: 	[0mGET /api/orders/active?pageSize=1000 [32m200[0m 2.808 ms - 237[0m
[2025-05-27 22:40:15.855 PM] info: 	[0mGET /api/providers [36m304[0m 3.823 ms - -[0m
[2025-05-27 22:40:15.856 PM] info: 	[0mGET /api/orders/closed?pageSize=1000 [36m304[0m 5.223 ms - -[0m
[2025-05-27 22:40:15.864 PM] info: 	[0mOPTIONS /api/quotes/lowest-batch?orderIds=RX250527-001 [32m200[0m 0.691 ms - 8[0m
[2025-05-27 22:40:15.868 PM] info: 	[0mGET /api/quotes/lowest-batch?orderIds=RX250527-001 [32m200[0m 1.649 ms - 21[0m
[2025-05-27 22:40:18.764 PM] info: 	[0mGET /api/quotes/lowest-batch?orderIds=RX250527-001 [36m304[0m 1.564 ms - -[0m
[2025-05-27 22:40:18.767 PM] info: 	[0mGET /api/quotes/lowest-batch?orderIds=RX250527-001 [36m304[0m 1.326 ms - -[0m
[2025-05-27 22:40:23.994 PM] info: 	[0mOPTIONS /api/orders [32m200[0m 0.212 ms - 13[0m
[2025-05-27 22:40:23.998 PM] info: 	[0mPOST /api/orders [32m201[0m 2.001 ms - 110[0m
[2025-05-27 22:40:27.006 PM] info: 	[0mOPTIONS /api/orders/active?pageSize=1000 [32m200[0m 0.733 ms - 12[0m
[2025-05-27 22:40:27.009 PM] info: 	[0mOPTIONS /api/quotes/lowest-batch?orderIds=RX250527-001 [32m200[0m 0.508 ms - 8[0m
[2025-05-27 22:40:27.011 PM] info: 	[0mOPTIONS /api/orders/closed?pageSize=1000 [32m200[0m 0.429 ms - 12[0m
[2025-05-27 22:40:27.014 PM] info: 	[0mOPTIONS /api/providers [32m200[0m 0.235 ms - 13[0m
[2025-05-27 22:40:27.017 PM] info: 	[0mGET /api/quotes/lowest-batch?orderIds=RX250527-001 [36m304[0m 4.379 ms - -[0m
[2025-05-27 22:40:27.019 PM] info: 	[0mOPTIONS /api/quotes/lowest-batch?orderIds=RX250527-001 [32m200[0m 0.328 ms - 8[0m
[2025-05-27 22:40:27.022 PM] info: 	[0mGET /api/providers [36m304[0m 2.113 ms - -[0m
[2025-05-27 22:40:27.024 PM] info: 	[0mGET /api/orders/closed?pageSize=1000 [36m304[0m 7.759 ms - -[0m
[2025-05-27 22:40:27.025 PM] info: 	[0mGET /api/quotes/lowest-batch?orderIds=RX250527-001 [36m304[0m 3.305 ms - -[0m
[2025-05-27 22:40:27.026 PM] info: 	[0mGET /api/orders/active?pageSize=1000 [32m200[0m 4.573 ms - 383[0m
[2025-05-27 22:40:27.031 PM] info: 	[0mOPTIONS /api/quotes/lowest-batch?orderIds=RX250527-002%2CRX250527-001 [32m200[0m 0.210 ms - 8[0m
[2025-05-27 22:40:27.033 PM] info: 	[0mGET /api/quotes/lowest-batch?orderIds=RX250527-002%2CRX250527-001 [32m200[0m 0.578 ms - 41[0m
[2025-05-27 22:40:32.529 PM] info: 	[0mOPTIONS /api/quotes/lowest-batch?orderIds=RX250527-002%2CRX250527-001 [32m200[0m 0.365 ms - 8[0m
[2025-05-27 22:40:32.534 PM] info: 	[0mGET /api/quotes/lowest-batch?orderIds=RX250527-002%2CRX250527-001 [36m304[0m 1.476 ms - -[0m
[2025-05-27 22:40:36.035 PM] info: 	[0mOPTIONS /api/providers/details?accessKey=02a62861-f9bf-4175-8416-b25e769c7957 [32m200[0m 0.550 ms - 15[0m
[2025-05-27 22:40:36.038 PM] info: 	[0mOPTIONS /api/providers/details?accessKey=02a62861-f9bf-4175-8416-b25e769c7957 [32m200[0m 0.604 ms - 15[0m
[2025-05-27 22:40:36.040 PM] info: 	[0mGET /api/providers/details?accessKey=02a62861-f9bf-4175-8416-b25e769c7957 [36m304[0m 0.705 ms - -[0m
[2025-05-27 22:40:36.041 PM] info: 	[0mGET /api/providers/details?accessKey=02a62861-f9bf-4175-8416-b25e769c7957 [36m304[0m 0.784 ms - -[0m
[2025-05-27 22:40:36.059 PM] info: 	[0mOPTIONS /api/providers/02a62861-f9bf-4175-8416-b25e769c7957/available-orders [32m200[0m 0.583 ms - 8[0m
[2025-05-27 22:40:36.060 PM] info: 	[0mOPTIONS /api/providers/02a62861-f9bf-4175-8416-b25e769c7957/available-orders [32m200[0m 0.350 ms - 8[0m
[2025-05-27 22:40:36.064 PM] info: 	[0mGET /api/providers/02a62861-f9bf-4175-8416-b25e769c7957/available-orders [32m200[0m 2.021 ms - 411[0m
[2025-05-27 22:40:36.066 PM] info: 	[0mOPTIONS /api/providers/02a62861-f9bf-4175-8416-b25e769c7957/quote-history [32m200[0m 0.196 ms - 8[0m
[2025-05-27 22:40:36.068 PM] info: 	[0mGET /api/providers/02a62861-f9bf-4175-8416-b25e769c7957/available-orders [36m304[0m 2.294 ms - -[0m
[2025-05-27 22:40:36.070 PM] info: 	[0mGET /api/providers/02a62861-f9bf-4175-8416-b25e769c7957/quote-history [36m304[0m 0.866 ms - -[0m
[2025-05-27 22:40:36.072 PM] info: 	[0mGET /api/providers/02a62861-f9bf-4175-8416-b25e769c7957/quote-history [36m304[0m 1.417 ms - -[0m
[2025-05-27 22:40:42.662 PM] info: 	[0mOPTIONS /api/quotes [32m200[0m 0.626 ms - 13[0m
[2025-05-27 22:40:42.671 PM] info: 	[0mPOST /api/quotes [32m201[0m 5.547 ms - 178[0m
[2025-05-27 22:40:42.675 PM] info: 	[0mOPTIONS /api/providers/02a62861-f9bf-4175-8416-b25e769c7957/available-orders [32m200[0m 0.330 ms - 8[0m
[2025-05-27 22:40:42.678 PM] info: 	[0mGET /api/providers/02a62861-f9bf-4175-8416-b25e769c7957/available-orders [32m200[0m 1.828 ms - 265[0m
[2025-05-27 22:40:42.683 PM] info: 	[0mOPTIONS /api/providers/02a62861-f9bf-4175-8416-b25e769c7957/quote-history [32m200[0m 0.302 ms - 8[0m
[2025-05-27 22:40:42.686 PM] info: 	[0mGET /api/providers/02a62861-f9bf-4175-8416-b25e769c7957/quote-history [32m200[0m 2.000 ms - 384[0m
[2025-05-27 22:40:50.728 PM] info: 	[0mOPTIONS /api/quotes/lowest-batch?orderIds=RX250527-002%2CRX250527-001 [32m200[0m 0.351 ms - 8[0m
[2025-05-27 22:40:50.733 PM] info: 	[0mGET /api/quotes/lowest-batch?orderIds=RX250527-002%2CRX250527-001 [32m200[0m 1.680 ms - 74[0m
[2025-05-27 22:40:52.761 PM] info: 	[0mOPTIONS /api/orders/RX250527-002/quotes [32m200[0m 0.406 ms - 13[0m
[2025-05-27 22:40:52.764 PM] info: 	[0mGET /api/orders/RX250527-002/quotes [32m200[0m 1.008 ms - 180[0m
[2025-05-27 22:40:53.727 PM] info: 	[0mOPTIONS /api/orders/RX250527-002/select-provider [32m200[0m 0.380 ms - 3[0m
[2025-05-27 22:40:53.736 PM] info: 	[0mPUT /api/orders/RX250527-002/select-provider [32m200[0m 7.392 ms - 323[0m
[2025-05-27 22:40:55.130 PM] info: 	[0mOPTIONS /api/orders/active?pageSize=1000 [32m200[0m 0.603 ms - 12[0m
[2025-05-27 22:40:55.133 PM] info: 	[0mOPTIONS /api/orders/closed?pageSize=1000 [32m200[0m 0.310 ms - 12[0m
[2025-05-27 22:40:55.136 PM] info: 	[0mOPTIONS /api/providers [32m200[0m 0.409 ms - 13[0m
[2025-05-27 22:40:55.139 PM] info: 	[0mGET /api/providers [36m304[0m 0.829 ms - -[0m
[2025-05-27 22:40:55.140 PM] info: 	[0mGET /api/orders/active?pageSize=1000 [32m200[0m 5.546 ms - 237[0m
[2025-05-27 22:40:55.141 PM] info: 	[0mGET /api/orders/closed?pageSize=1000 [32m200[0m 4.116 ms - 351[0m
[2025-05-27 22:40:55.148 PM] info: 	[0mOPTIONS /api/quotes/lowest-batch?orderIds=RX250527-001 [32m200[0m 0.255 ms - 8[0m
[2025-05-27 22:40:55.150 PM] info: 	[0mGET /api/quotes/lowest-batch?orderIds=RX250527-001 [36m304[0m 0.739 ms - -[0m
[2025-05-27 22:41:00.495 PM] info: 	[0mOPTIONS /api/quotes/lowest-batch?orderIds=RX250527-001 [32m200[0m 0.357 ms - 8[0m
[2025-05-27 22:41:00.499 PM] info: 	[0mGET /api/quotes/lowest-batch?orderIds=RX250527-001 [36m304[0m 1.196 ms - -[0m
[2025-05-27 22:41:01.413 PM] info: 	[0mGET /api/quotes/lowest-batch?orderIds=RX250527-001 [36m304[0m 1.133 ms - -[0m
[2025-05-27 22:41:01.416 PM] info: 	[0mGET /api/quotes/lowest-batch?orderIds=RX250527-001 [36m304[0m 1.238 ms - -[0m
[2025-05-27 22:41:08.979 PM] info: 	[0mOPTIONS /api/quotes/lowest-batch?orderIds=RX250527-001 [32m200[0m 0.345 ms - 8[0m
[2025-05-27 22:41:08.982 PM] info: 	[0mGET /api/quotes/lowest-batch?orderIds=RX250527-001 [36m304[0m 1.130 ms - -[0m
[2025-05-27 22:41:14.365 PM] info: 	[0mOPTIONS /api/providers/details?accessKey=02a62861-f9bf-4175-8416-b25e769c7957 [32m200[0m 0.342 ms - 15[0m
[2025-05-27 22:41:14.365 PM] info: 	[0mOPTIONS /api/providers/details?accessKey=02a62861-f9bf-4175-8416-b25e769c7957 [32m200[0m 0.103 ms - 15[0m
[2025-05-27 22:41:14.366 PM] info: 	[0mGET /api/providers/details?accessKey=02a62861-f9bf-4175-8416-b25e769c7957 [36m304[0m 0.382 ms - -[0m
[2025-05-27 22:41:14.368 PM] info: 	[0mGET /api/providers/details?accessKey=02a62861-f9bf-4175-8416-b25e769c7957 [36m304[0m 0.748 ms - -[0m
[2025-05-27 22:41:14.377 PM] info: 	[0mOPTIONS /api/providers/02a62861-f9bf-4175-8416-b25e769c7957/available-orders [32m200[0m 0.165 ms - 8[0m
[2025-05-27 22:41:14.378 PM] info: 	[0mOPTIONS /api/providers/02a62861-f9bf-4175-8416-b25e769c7957/available-orders [32m200[0m 0.116 ms - 8[0m
[2025-05-27 22:41:14.379 PM] info: 	[0mGET /api/providers/02a62861-f9bf-4175-8416-b25e769c7957/available-orders [36m304[0m 0.765 ms - -[0m
[2025-05-27 22:41:14.380 PM] info: 	[0mGET /api/providers/02a62861-f9bf-4175-8416-b25e769c7957/available-orders [36m304[0m 0.453 ms - -[0m
[2025-05-27 22:41:14.380 PM] info: 	[0mOPTIONS /api/providers/02a62861-f9bf-4175-8416-b25e769c7957/quote-history [32m200[0m 0.101 ms - 8[0m
[2025-05-27 22:41:14.381 PM] info: 	[0mOPTIONS /api/providers/02a62861-f9bf-4175-8416-b25e769c7957/quote-history [32m200[0m 0.078 ms - 8[0m
[2025-05-27 22:41:14.382 PM] info: 	[0mGET /api/providers/02a62861-f9bf-4175-8416-b25e769c7957/quote-history [32m200[0m 0.851 ms - 384[0m
[2025-05-27 22:41:14.383 PM] info: 	[0mGET /api/providers/02a62861-f9bf-4175-8416-b25e769c7957/quote-history [36m304[0m 0.541 ms - -[0m
[2025-05-27 22:43:46.636 PM] info: 	[0mOPTIONS /api/providers/details?accessKey=02a62861-f9bf-4175-8416-b25e769c7957 [32m200[0m 0.502 ms - 15[0m
[2025-05-27 22:43:46.637 PM] info: 	[0mOPTIONS /api/quotes/lowest-batch?orderIds=RX250527-001 [32m200[0m 0.194 ms - 8[0m
[2025-05-27 22:43:46.638 PM] info: 	[0mOPTIONS /api/orders/active?pageSize=1000 [32m200[0m 0.163 ms - 12[0m
[2025-05-27 22:43:46.639 PM] info: 	[0mOPTIONS /api/orders/closed?pageSize=1000 [32m200[0m 0.236 ms - 12[0m
[2025-05-27 22:43:46.640 PM] info: 	[0mGET /api/providers/details?accessKey=02a62861-f9bf-4175-8416-b25e769c7957 [36m304[0m 1.941 ms - -[0m
[2025-05-27 22:43:46.642 PM] info: 	[0mOPTIONS /api/providers [32m200[0m 0.177 ms - 13[0m
[2025-05-27 22:43:46.644 PM] info: 	[0mGET /api/quotes/lowest-batch?orderIds=RX250527-001 [36m304[0m 3.921 ms - -[0m
[2025-05-27 22:43:46.645 PM] info: 	[0mOPTIONS /api/providers/02a62861-f9bf-4175-8416-b25e769c7957/available-orders [32m200[0m 0.220 ms - 8[0m
[2025-05-27 22:43:46.647 PM] info: 	[0mGET /api/orders/active?pageSize=1000 [36m304[0m 6.506 ms - -[0m
[2025-05-27 22:43:46.648 PM] info: 	[0mGET /api/providers [36m304[0m 2.426 ms - -[0m
[2025-05-27 22:43:46.650 PM] info: 	[0mGET /api/orders/closed?pageSize=1000 [36m304[0m 6.133 ms - -[0m
[2025-05-27 22:43:46.652 PM] info: 	[0mGET /api/providers/02a62861-f9bf-4175-8416-b25e769c7957/available-orders [36m304[0m 4.642 ms - -[0m
[2025-05-27 22:43:46.655 PM] info: 	[0mOPTIONS /api/providers/02a62861-f9bf-4175-8416-b25e769c7957/quote-history [32m200[0m 0.281 ms - 8[0m
[2025-05-27 22:43:46.657 PM] info: 	[0mGET /api/quotes/lowest-batch?orderIds=RX250527-001 [36m304[0m 1.254 ms - -[0m
[2025-05-27 22:43:46.659 PM] info: 	[0mGET /api/quotes/lowest-batch?orderIds=RX250527-001 [36m304[0m 0.702 ms - -[0m
[2025-05-27 22:43:46.660 PM] info: 	[0mGET /api/providers/02a62861-f9bf-4175-8416-b25e769c7957/quote-history [36m304[0m 3.165 ms - -[0m
[2025-05-27 22:43:55.628 PM] info: 	[0mOPTIONS /api/providers/details?accessKey=02a62861-f9bf-4175-8416-b25e769c7957 [32m200[0m 0.330 ms - 15[0m
[2025-05-27 22:43:55.629 PM] info: 	[0mOPTIONS /api/quotes/lowest-batch?orderIds=RX250527-001 [32m200[0m 0.230 ms - 8[0m
[2025-05-27 22:43:55.631 PM] info: 	[0mOPTIONS /api/orders/active?pageSize=1000 [32m200[0m 0.144 ms - 12[0m
[2025-05-27 22:43:55.633 PM] info: 	[0mOPTIONS /api/orders/closed?pageSize=1000 [32m200[0m 0.132 ms - 12[0m
[2025-05-27 22:43:55.634 PM] info: 	[0mGET /api/providers/details?accessKey=02a62861-f9bf-4175-8416-b25e769c7957 [36m304[0m 2.850 ms - -[0m
[2025-05-27 22:43:55.636 PM] info: 	[0mOPTIONS /api/providers [32m200[0m 0.165 ms - 13[0m
[2025-05-27 22:43:55.637 PM] info: 	[0mGET /api/quotes/lowest-batch?orderIds=RX250527-001 [36m304[0m 4.531 ms - -[0m
[2025-05-27 22:43:55.640 PM] info: 	[0mOPTIONS /api/providers/02a62861-f9bf-4175-8416-b25e769c7957/available-orders [32m200[0m 0.200 ms - 8[0m
[2025-05-27 22:43:55.641 PM] info: 	[0mGET /api/orders/active?pageSize=1000 [36m304[0m 5.960 ms - -[0m
[2025-05-27 22:43:55.642 PM] info: 	[0mGET /api/providers [36m304[0m 1.937 ms - -[0m
[2025-05-27 22:43:55.644 PM] info: 	[0mGET /api/orders/closed?pageSize=1000 [36m304[0m 5.736 ms - -[0m
[2025-05-27 22:43:55.647 PM] info: 	[0mGET /api/providers/02a62861-f9bf-4175-8416-b25e769c7957/available-orders [36m304[0m 5.046 ms - -[0m
[2025-05-27 22:43:55.650 PM] info: 	[0mOPTIONS /api/providers/02a62861-f9bf-4175-8416-b25e769c7957/quote-history [32m200[0m 0.195 ms - 8[0m
[2025-05-27 22:43:55.652 PM] info: 	[0mGET /api/quotes/lowest-batch?orderIds=RX250527-001 [36m304[0m 1.194 ms - -[0m
[2025-05-27 22:43:55.653 PM] info: 	[0mGET /api/quotes/lowest-batch?orderIds=RX250527-001 [36m304[0m 0.609 ms - -[0m
[2025-05-27 22:43:55.654 PM] info: 	[0mGET /api/providers/02a62861-f9bf-4175-8416-b25e769c7957/quote-history [36m304[0m 2.708 ms - -[0m
[2025-05-27 22:43:59.632 PM] info: 	[0mGET /api/quotes/lowest-batch?orderIds=RX250527-001 [36m304[0m 1.838 ms - -[0m
[2025-05-27 22:43:59.633 PM] info: 	[0mGET /api/providers [36m304[0m 2.080 ms - -[0m
[2025-05-27 22:43:59.636 PM] info: 	[0mGET /api/orders/active?pageSize=1000 [36m304[0m 5.453 ms - -[0m
[2025-05-27 22:43:59.637 PM] info: 	[0mGET /api/orders/closed?pageSize=1000 [36m304[0m 5.968 ms - -[0m
[2025-05-27 22:43:59.643 PM] info: 	[0mGET /api/quotes/lowest-batch?orderIds=RX250527-001 [36m304[0m 0.788 ms - -[0m
[2025-05-27 22:43:59.645 PM] info: 	[0mGET /api/quotes/lowest-batch?orderIds=RX250527-001 [36m304[0m 0.660 ms - -[0m
[2025-05-27 22:44:43.629 PM] info: 	[0mOPTIONS /api/quotes/lowest-batch?orderIds=RX250527-001 [32m200[0m 0.358 ms - 8[0m
[2025-05-27 22:44:43.630 PM] info: 	[0mOPTIONS /api/orders/active?pageSize=1000 [32m200[0m 0.215 ms - 12[0m
[2025-05-27 22:44:43.630 PM] info: 	[0mOPTIONS /api/orders/closed?pageSize=1000 [32m200[0m 0.150 ms - 12[0m
[2025-05-27 22:44:43.631 PM] info: 	[0mOPTIONS /api/providers [32m200[0m 0.177 ms - 13[0m
[2025-05-27 22:44:43.634 PM] info: 	[0mGET /api/quotes/lowest-batch?orderIds=RX250527-001 [36m304[0m 1.940 ms - -[0m
[2025-05-27 22:44:43.637 PM] info: 	[0mGET /api/providers [36m304[0m 3.851 ms - -[0m
[2025-05-27 22:44:43.638 PM] info: 	[0mGET /api/orders/active?pageSize=1000 [36m304[0m 5.388 ms - -[0m
[2025-05-27 22:44:43.638 PM] info: 	[0mGET /api/orders/closed?pageSize=1000 [36m304[0m 5.377 ms - -[0m
[2025-05-27 22:44:43.645 PM] info: 	[0mGET /api/quotes/lowest-batch?orderIds=RX250527-001 [36m304[0m 0.894 ms - -[0m
[2025-05-27 22:44:43.646 PM] info: 	[0mGET /api/quotes/lowest-batch?orderIds=RX250527-001 [36m304[0m 0.350 ms - -[0m
[2025-05-27 22:44:55.629 PM] info: 	[0mOPTIONS /api/quotes/lowest-batch?orderIds=RX250527-001 [32m200[0m 0.319 ms - 8[0m
[2025-05-27 22:44:55.630 PM] info: 	[0mOPTIONS /api/orders/active?pageSize=1000 [32m200[0m 0.195 ms - 12[0m
[2025-05-27 22:44:55.631 PM] info: 	[0mOPTIONS /api/orders/closed?pageSize=1000 [32m200[0m 0.187 ms - 12[0m
[2025-05-27 22:44:55.632 PM] info: 	[0mOPTIONS /api/providers [32m200[0m 0.278 ms - 13[0m
[2025-05-27 22:44:55.635 PM] info: 	[0mGET /api/quotes/lowest-batch?orderIds=RX250527-001 [36m304[0m 2.724 ms - -[0m
[2025-05-27 22:44:55.637 PM] info: 	[0mGET /api/providers [36m304[0m 2.369 ms - -[0m
[2025-05-27 22:44:55.637 PM] info: 	[0mGET /api/orders/active?pageSize=1000 [36m304[0m 4.546 ms - -[0m
[2025-05-27 22:44:55.639 PM] info: 	[0mGET /api/orders/closed?pageSize=1000 [36m304[0m 5.385 ms - -[0m
[2025-05-27 22:44:55.646 PM] info: 	[0mGET /api/quotes/lowest-batch?orderIds=RX250527-001 [36m304[0m 1.009 ms - -[0m
[2025-05-27 22:44:55.648 PM] info: 	[0mGET /api/quotes/lowest-batch?orderIds=RX250527-001 [36m304[0m 0.689 ms - -[0m
[2025-05-27 22:45:06.630 PM] info: 	[0mOPTIONS /api/quotes/lowest-batch?orderIds=RX250527-001 [32m200[0m 0.355 ms - 8[0m
[2025-05-27 22:45:06.632 PM] info: 	[0mOPTIONS /api/orders/active?pageSize=1000 [32m200[0m 0.298 ms - 12[0m
[2025-05-27 22:45:06.633 PM] info: 	[0mOPTIONS /api/orders/closed?pageSize=1000 [32m200[0m 0.443 ms - 12[0m
[2025-05-27 22:45:06.636 PM] info: 	[0mOPTIONS /api/providers [32m200[0m 0.231 ms - 13[0m
[2025-05-27 22:45:06.637 PM] info: 	[0mGET /api/quotes/lowest-batch?orderIds=RX250527-001 [36m304[0m 2.274 ms - -[0m
[2025-05-27 22:45:06.640 PM] info: 	[0mGET /api/orders/active?pageSize=1000 [36m304[0m 4.673 ms - -[0m
[2025-05-27 22:45:06.640 PM] info: 	[0mGET /api/providers [36m304[0m 1.444 ms - -[0m
[2025-05-27 22:45:06.641 PM] info: 	[0mGET /api/orders/closed?pageSize=1000 [36m304[0m 2.463 ms - -[0m
[2025-05-27 22:45:06.647 PM] info: 	[0mGET /api/quotes/lowest-batch?orderIds=RX250527-001 [36m304[0m 0.600 ms - -[0m
[2025-05-27 22:45:06.648 PM] info: 	[0mGET /api/quotes/lowest-batch?orderIds=RX250527-001 [36m304[0m 0.298 ms - -[0m
[2025-05-27 22:45:22.628 PM] info: 	[0mOPTIONS /api/providers/details?accessKey=02a62861-f9bf-4175-8416-b25e769c7957 [32m200[0m 0.281 ms - 15[0m
[2025-05-27 22:45:22.632 PM] info: 	[0mGET /api/providers/details?accessKey=02a62861-f9bf-4175-8416-b25e769c7957 [36m304[0m 0.636 ms - -[0m
[2025-05-27 22:45:22.637 PM] info: 	[0mOPTIONS /api/providers/02a62861-f9bf-4175-8416-b25e769c7957/available-orders [32m200[0m 0.142 ms - 8[0m
[2025-05-27 22:45:22.640 PM] info: 	[0mGET /api/providers/02a62861-f9bf-4175-8416-b25e769c7957/available-orders [36m304[0m 0.894 ms - -[0m
[2025-05-27 22:45:22.644 PM] info: 	[0mOPTIONS /api/providers/02a62861-f9bf-4175-8416-b25e769c7957/quote-history [32m200[0m 0.332 ms - 8[0m
[2025-05-27 22:45:22.647 PM] info: 	[0mGET /api/providers/02a62861-f9bf-4175-8416-b25e769c7957/quote-history [36m304[0m 0.819 ms - -[0m
[2025-05-27 22:45:25.625 PM] info: 	[0mGET /api/providers/details?accessKey=02a62861-f9bf-4175-8416-b25e769c7957 [36m304[0m 0.402 ms - -[0m
[2025-05-27 22:45:25.628 PM] info: 	[0mGET /api/providers/02a62861-f9bf-4175-8416-b25e769c7957/available-orders [36m304[0m 0.503 ms - -[0m
[2025-05-27 22:45:25.630 PM] info: 	[0mGET /api/providers/02a62861-f9bf-4175-8416-b25e769c7957/quote-history [36m304[0m 0.415 ms - -[0m
[2025-05-27 22:45:37.628 PM] info: 	[0mOPTIONS /api/providers/details?accessKey=02a62861-f9bf-4175-8416-b25e769c7957 [32m200[0m 0.521 ms - 15[0m
[2025-05-27 22:45:37.631 PM] info: 	[0mGET /api/providers/details?accessKey=02a62861-f9bf-4175-8416-b25e769c7957 [36m304[0m 0.884 ms - -[0m
[2025-05-27 22:45:37.637 PM] info: 	[0mOPTIONS /api/providers/02a62861-f9bf-4175-8416-b25e769c7957/available-orders [32m200[0m 0.384 ms - 8[0m
[2025-05-27 22:45:37.640 PM] info: 	[0mGET /api/providers/02a62861-f9bf-4175-8416-b25e769c7957/available-orders [36m304[0m 1.444 ms - -[0m
[2025-05-27 22:45:37.644 PM] info: 	[0mOPTIONS /api/providers/02a62861-f9bf-4175-8416-b25e769c7957/quote-history [32m200[0m 0.297 ms - 8[0m
[2025-05-27 22:45:37.648 PM] info: 	[0mGET /api/providers/02a62861-f9bf-4175-8416-b25e769c7957/quote-history [36m304[0m 1.558 ms - -[0m
[2025-05-27 22:45:51.625 PM] info: 	[0mOPTIONS /api/providers/details?accessKey=02a62861-f9bf-4175-8416-b25e769c7957 [32m200[0m 0.148 ms - 15[0m
[2025-05-27 22:45:51.628 PM] info: 	[0mGET /api/providers/details?accessKey=02a62861-f9bf-4175-8416-b25e769c7957 [36m304[0m 0.345 ms - -[0m
[2025-05-27 22:45:51.630 PM] info: 	[0mOPTIONS /api/providers/02a62861-f9bf-4175-8416-b25e769c7957/available-orders [32m200[0m 0.079 ms - 8[0m
[2025-05-27 22:45:51.632 PM] info: 	[0mGET /api/providers/02a62861-f9bf-4175-8416-b25e769c7957/available-orders [36m304[0m 0.543 ms - -[0m
[2025-05-27 22:45:51.635 PM] info: 	[0mOPTIONS /api/providers/02a62861-f9bf-4175-8416-b25e769c7957/quote-history [32m200[0m 0.078 ms - 8[0m
[2025-05-27 22:45:51.637 PM] info: 	[0mGET /api/providers/02a62861-f9bf-4175-8416-b25e769c7957/quote-history [36m304[0m 0.439 ms - -[0m
[2025-05-27 22:45:55.627 PM] info: 	[0mGET /api/providers/details?accessKey=02a62861-f9bf-4175-8416-b25e769c7957 [36m304[0m 1.193 ms - -[0m
[2025-05-27 22:45:55.631 PM] info: 	[0mGET /api/providers/02a62861-f9bf-4175-8416-b25e769c7957/available-orders [36m304[0m 0.815 ms - -[0m
[2025-05-27 22:45:55.634 PM] info: 	[0mGET /api/providers/02a62861-f9bf-4175-8416-b25e769c7957/quote-history [36m304[0m 1.117 ms - -[0m
[2025-05-27 22:46:04.629 PM] info: 	[0mOPTIONS /api/providers/details?accessKey=02a62861-f9bf-4175-8416-b25e769c7957 [32m200[0m 0.335 ms - 15[0m
[2025-05-27 22:46:04.632 PM] info: 	[0mGET /api/providers/details?accessKey=02a62861-f9bf-4175-8416-b25e769c7957 [36m304[0m 0.919 ms - -[0m
[2025-05-27 22:46:04.637 PM] info: 	[0mOPTIONS /api/providers/02a62861-f9bf-4175-8416-b25e769c7957/available-orders [32m200[0m 0.466 ms - 8[0m
[2025-05-27 22:46:04.640 PM] info: 	[0mGET /api/providers/02a62861-f9bf-4175-8416-b25e769c7957/available-orders [36m304[0m 1.353 ms - -[0m
[2025-05-27 22:46:04.645 PM] info: 	[0mOPTIONS /api/providers/02a62861-f9bf-4175-8416-b25e769c7957/quote-history [32m200[0m 0.574 ms - 8[0m
[2025-05-27 22:46:04.649 PM] info: 	[0mGET /api/providers/02a62861-f9bf-4175-8416-b25e769c7957/quote-history [36m304[0m 1.719 ms - -[0m
[2025-05-27 22:46:41.067 PM] info: 	用户认证密码已加载。
[2025-05-27 22:46:51.291 PM] info: 	收到 SIGINT 信号，准备关闭应用...
[2025-05-27 22:46:51.292 PM] info: 	数据库连接已关闭。
[2025-05-27 22:46:51.692 PM] info: 	用户认证密码已加载。
[2025-05-27 22:46:51.693 PM] info: 	开发环境：前端由Vite开发服务器提供服务 (http://localhost:5173)
[2025-05-27 22:46:51.805 PM] info: 	服务器运行在 http://localhost:3000
[2025-05-27 22:47:22.680 PM] info: 	用户认证密码已加载。
[2025-05-27 22:47:41.932 PM] info: 	收到 SIGINT 信号，准备关闭应用...
[2025-05-27 22:47:41.932 PM] info: 	收到 SIGINT 信号，准备关闭应用...
[2025-05-27 22:47:42.220 PM] info: 	用户认证密码已加载。
[2025-05-27 22:47:42.222 PM] info: 	开发环境：前端由Vite开发服务器提供服务 (http://localhost:5173)
[2025-05-27 22:47:42.285 PM] info: 	服务器运行在 http://localhost:3000
[2025-05-27 22:48:42.508 PM] info: 	[0mOPTIONS /api/orders/active?pageSize=1000 [32m200[0m 3.509 ms - 12[0m
[2025-05-27 22:48:42.511 PM] info: 	[0mOPTIONS /api/orders/closed?pageSize=1000 [32m200[0m 0.387 ms - 12[0m
[2025-05-27 22:48:42.513 PM] info: 	[0mOPTIONS /api/providers [32m200[0m 0.410 ms - 13[0m
[2025-05-27 22:48:42.515 PM] info: 	[0mOPTIONS /api/orders/active?pageSize=1000 [32m200[0m 0.149 ms - 12[0m
[2025-05-27 22:48:42.516 PM] info: 	[0mGET /api/orders/active?pageSize=1000 [36m304[0m 6.085 ms - -[0m
[2025-05-27 22:48:42.517 PM] info: 	[0mOPTIONS /api/orders/closed?pageSize=1000 [32m200[0m 0.238 ms - 12[0m
[2025-05-27 22:48:42.518 PM] info: 	[0mGET /api/orders/closed?pageSize=1000 [36m304[0m 5.450 ms - -[0m
[2025-05-27 22:48:42.518 PM] info: 	[0mGET /api/providers [36m304[0m 2.829 ms - -[0m
[2025-05-27 22:48:42.521 PM] info: 	[0mOPTIONS /api/providers [32m200[0m 0.648 ms - 13[0m
[2025-05-27 22:48:42.523 PM] info: 	[0mGET /api/providers [36m304[0m 1.224 ms - -[0m
[2025-05-27 22:48:42.524 PM] info: 	[0mOPTIONS /api/quotes/lowest-batch?orderIds=RX250527-001 [32m200[0m 0.189 ms - 8[0m
[2025-05-27 22:48:42.524 PM] info: 	[0mOPTIONS /api/quotes/lowest-batch?orderIds=RX250527-001 [32m200[0m 0.143 ms - 8[0m
[2025-05-27 22:48:42.525 PM] info: 	[0mGET /api/orders/active?pageSize=1000 [36m304[0m 5.552 ms - -[0m
[2025-05-27 22:48:42.525 PM] info: 	[0mGET /api/quotes/lowest-batch?orderIds=RX250527-001 [36m304[0m 0.894 ms - -[0m
[2025-05-27 22:48:42.526 PM] info: 	[0mGET /api/orders/closed?pageSize=1000 [36m304[0m 3.131 ms - -[0m
[2025-05-27 22:48:42.526 PM] info: 	[0mGET /api/quotes/lowest-batch?orderIds=RX250527-001 [36m304[0m 0.275 ms - -[0m
[2025-05-27 22:48:42.537 PM] info: 	[0mGET /api/quotes/lowest-batch?orderIds=RX250527-001 [36m304[0m 0.745 ms - -[0m
[2025-05-27 22:48:45.616 PM] info: 	导出了 1 条活跃订单
[2025-05-27 22:48:45.616 PM] info: 	[0mGET /api/export/orders/active? [32m200[0m 47.005 ms - -[0m
[2025-05-27 22:49:26.835 PM] info: 	导出了 1 条历史订单
[2025-05-27 22:49:26.835 PM] info: 	[0mGET /api/export/orders/closed? [32m200[0m 17.017 ms - -[0m
[2025-05-27 22:51:10.854 PM] info: 	[0mOPTIONS /api/orders/active?pageSize=1000 [32m200[0m 0.375 ms - 12[0m
[2025-05-27 22:51:10.855 PM] info: 	[0mOPTIONS /api/orders/closed?pageSize=1000 [32m200[0m 0.161 ms - 12[0m
[2025-05-27 22:51:10.856 PM] info: 	[0mOPTIONS /api/providers [32m200[0m 0.204 ms - 13[0m
[2025-05-27 22:51:10.858 PM] info: 	[0mOPTIONS /api/orders/active?pageSize=1000 [32m200[0m 0.152 ms - 12[0m
[2025-05-27 22:51:10.859 PM] info: 	[0mOPTIONS /api/orders/closed?pageSize=1000 [32m200[0m 0.310 ms - 12[0m
[2025-05-27 22:51:10.861 PM] info: 	[0mOPTIONS /api/providers [32m200[0m 0.155 ms - 13[0m
[2025-05-27 22:51:10.861 PM] info: 	[0mGET /api/orders/active?pageSize=1000 [36m304[0m 5.497 ms - -[0m
[2025-05-27 22:51:10.862 PM] info: 	[0mGET /api/providers [36m304[0m 3.454 ms - -[0m
[2025-05-27 22:51:10.863 PM] info: 	[0mGET /api/orders/closed?pageSize=1000 [36m304[0m 5.861 ms - -[0m
[2025-05-27 22:51:10.865 PM] info: 	[0mGET /api/providers [36m304[0m 0.745 ms - -[0m
[2025-05-27 22:51:10.866 PM] info: 	[0mGET /api/orders/active?pageSize=1000 [36m304[0m 2.113 ms - -[0m
[2025-05-27 22:51:10.867 PM] info: 	[0mGET /api/orders/closed?pageSize=1000 [36m304[0m 1.982 ms - -[0m
[2025-05-27 22:51:10.882 PM] info: 	[0mOPTIONS /api/quotes/lowest-batch?orderIds=RX250527-001 [32m200[0m 0.183 ms - 8[0m
[2025-05-27 22:51:10.882 PM] info: 	[0mOPTIONS /api/quotes/lowest-batch?orderIds=RX250527-001 [32m200[0m 0.109 ms - 8[0m
[2025-05-27 22:51:10.883 PM] info: 	[0mGET /api/quotes/lowest-batch?orderIds=RX250527-001 [36m304[0m 0.410 ms - -[0m
[2025-05-27 22:51:10.884 PM] info: 	[0mGET /api/quotes/lowest-batch?orderIds=RX250527-001 [36m304[0m 0.591 ms - -[0m
[2025-05-27 22:51:17.039 PM] info: 	[0mOPTIONS /api/providers/details?accessKey=02a62861-f9bf-4175-8416-b25e769c7957 [32m200[0m 0.477 ms - 15[0m
[2025-05-27 22:51:17.040 PM] info: 	[0mOPTIONS /api/providers/details?accessKey=02a62861-f9bf-4175-8416-b25e769c7957 [32m200[0m 0.149 ms - 15[0m
[2025-05-27 22:51:17.042 PM] info: 	[0mGET /api/providers/details?accessKey=02a62861-f9bf-4175-8416-b25e769c7957 [36m304[0m 0.937 ms - -[0m
[2025-05-27 22:51:17.042 PM] info: 	[0mGET /api/providers/details?accessKey=02a62861-f9bf-4175-8416-b25e769c7957 [36m304[0m 0.201 ms - -[0m
[2025-05-27 22:51:17.061 PM] info: 	[0mOPTIONS /api/providers/02a62861-f9bf-4175-8416-b25e769c7957/available-orders [32m200[0m 0.109 ms - 8[0m
[2025-05-27 22:51:17.061 PM] info: 	[0mOPTIONS /api/providers/02a62861-f9bf-4175-8416-b25e769c7957/available-orders [32m200[0m 0.064 ms - 8[0m
[2025-05-27 22:51:17.062 PM] info: 	[0mGET /api/providers/02a62861-f9bf-4175-8416-b25e769c7957/available-orders [36m304[0m 0.693 ms - -[0m
[2025-05-27 22:51:17.063 PM] info: 	[0mGET /api/providers/02a62861-f9bf-4175-8416-b25e769c7957/available-orders [36m304[0m 0.427 ms - -[0m
[2025-05-27 22:51:17.063 PM] info: 	[0mOPTIONS /api/providers/02a62861-f9bf-4175-8416-b25e769c7957/quote-history [32m200[0m 0.071 ms - 8[0m
[2025-05-27 22:51:17.064 PM] info: 	[0mGET /api/providers/02a62861-f9bf-4175-8416-b25e769c7957/quote-history [36m304[0m 0.513 ms - -[0m
[2025-05-27 22:51:17.065 PM] info: 	[0mGET /api/providers/02a62861-f9bf-4175-8416-b25e769c7957/quote-history [36m304[0m 0.319 ms - -[0m
[2025-05-27 22:51:20.508 PM] info: 	供应商上海韵彪导出了 1 条可报价订单
[2025-05-27 22:51:20.509 PM] info: 	[0mGET /api/export/provider/available-orders?accessKey=02a62861-f9bf-4175-8416-b25e769c7957 [32m200[0m 12.170 ms - -[0m
[2025-05-27 22:51:41.107 PM] info: 	供应商上海韵彪导出了 1 条报价历史
[2025-05-27 22:51:41.108 PM] info: 	[0mGET /api/export/provider/quote-history?accessKey=02a62861-f9bf-4175-8416-b25e769c7957 [32m200[0m 9.256 ms - -[0m
[2025-05-27 22:52:43.605 PM] info: 	供应商上海韵彪导出了 1 条报价历史
[2025-05-27 22:52:43.605 PM] info: 	[0mGET /api/export/provider/quote-history?accessKey=02a62861-f9bf-4175-8416-b25e769c7957 [32m200[0m 8.509 ms - -[0m
[2025-05-27 22:54:55.433 PM] info: 	收到 SIGINT 信号，准备关闭应用...
[2025-05-27 22:55:00.054 PM] info: 	用户认证密码已加载。
[2025-05-27 22:55:00.055 PM] info: 	开发环境：前端由Vite开发服务器提供服务 (http://localhost:5173)
[2025-05-27 22:55:00.171 PM] info: 	服务器运行在 http://localhost:3000
[2025-05-27 22:55:44.427 PM] info: 	[0mOPTIONS /api/providers/details?accessKey=02a62861-f9bf-4175-8416-b25e769c7957 [32m200[0m 4.247 ms - 15[0m
[2025-05-27 22:55:44.440 PM] info: 	[0mOPTIONS /api/providers/details?accessKey=02a62861-f9bf-4175-8416-b25e769c7957 [32m200[0m 0.244 ms - 15[0m
[2025-05-27 22:55:44.443 PM] info: 	[0mGET /api/providers/details?accessKey=02a62861-f9bf-4175-8416-b25e769c7957 [36m304[0m 6.543 ms - -[0m
[2025-05-27 22:55:44.448 PM] info: 	[0mOPTIONS /api/providers/02a62861-f9bf-4175-8416-b25e769c7957/available-orders [32m200[0m 0.220 ms - 8[0m
[2025-05-27 22:55:44.455 PM] info: 	[0mGET /api/providers/details?accessKey=02a62861-f9bf-4175-8416-b25e769c7957 [36m304[0m 9.989 ms - -[0m
[2025-05-27 22:55:44.461 PM] info: 	[0mGET /api/providers/02a62861-f9bf-4175-8416-b25e769c7957/available-orders [36m304[0m 11.242 ms - -[0m
[2025-05-27 22:55:44.470 PM] info: 	[0mOPTIONS /api/providers/02a62861-f9bf-4175-8416-b25e769c7957/quote-history [32m200[0m 2.219 ms - 8[0m
[2025-05-27 22:55:44.474 PM] info: 	[0mGET /api/providers/02a62861-f9bf-4175-8416-b25e769c7957/available-orders [36m304[0m 6.457 ms - -[0m
[2025-05-27 22:55:44.475 PM] info: 	[0mGET /api/providers/02a62861-f9bf-4175-8416-b25e769c7957/quote-history [36m304[0m 3.369 ms - -[0m
[2025-05-27 22:55:44.476 PM] info: 	[0mGET /api/providers/02a62861-f9bf-4175-8416-b25e769c7957/quote-history [36m304[0m 0.562 ms - -[0m
[2025-05-27 22:55:45.730 PM] info: 	供应商上海韵彪导出了 1 条可报价订单
[2025-05-27 22:55:45.730 PM] info: 	[0mGET /api/export/provider/available-orders?accessKey=02a62861-f9bf-4175-8416-b25e769c7957 [32m200[0m 47.703 ms - -[0m
