[2025-05-27 22:46:41.190 PM] error: 	uncaughtException: listen EADDRINUSE: address already in use :::3000
Error: listen EADDRINUSE: address already in use :::3000
    at Server.setupListenHandle [as _listen2] (node:net:1939:16)
    at listenInCluster (node:net:1996:12)
    at Server.listen (node:net:2101:7)
    at Function.listen (/Users/lichuansong/Desktop/wlbj_ Release/wlbj/node_modules/express/lib/application.js:635:24)
    at Object.<anonymous> (/Users/lichuansong/Desktop/wlbj_ Release/wlbj/app.js:304:5)
    at Module._compile (node:internal/modules/cjs/loader:1734:14)
    at Object..js (node:internal/modules/cjs/loader:1899:10)
    at Module.load (node:internal/modules/cjs/loader:1469:32)
    at Function._load (node:internal/modules/cjs/loader:1286:12)
    at TracingChannel.traceSync (node:diagnostics_channel:322:14)
    at wrapModuleLoad (node:internal/modules/cjs/loader:235:24)
    at Function.executeUserEntryPoint [as runMain] (node:internal/modules/run_main:151:5)
    at node:internal/main/run_main_module:33:47
[2025-05-27 22:47:22.744 PM] error: 	uncaughtException: listen EADDRINUSE: address already in use :::3000
Error: listen EADDRINUSE: address already in use :::3000
    at Server.setupListenHandle [as _listen2] (node:net:1939:16)
    at listenInCluster (node:net:1996:12)
    at Server.listen (node:net:2101:7)
    at Function.listen (/Users/lichuansong/Desktop/wlbj_ Release/wlbj/node_modules/express/lib/application.js:635:24)
    at Object.<anonymous> (/Users/lichuansong/Desktop/wlbj_ Release/wlbj/app.js:304:5)
    at Module._compile (node:internal/modules/cjs/loader:1734:14)
    at Object..js (node:internal/modules/cjs/loader:1899:10)
    at Module.load (node:internal/modules/cjs/loader:1469:32)
    at Function._load (node:internal/modules/cjs/loader:1286:12)
    at TracingChannel.traceSync (node:diagnostics_channel:322:14)
    at wrapModuleLoad (node:internal/modules/cjs/loader:235:24)
    at Function.executeUserEntryPoint [as runMain] (node:internal/modules/run_main:151:5)
    at node:internal/main/run_main_module:33:47
[2025-05-31 00:56:40.551 AM] error: 	uncaughtException: SimpleCache is not a constructor
TypeError: SimpleCache is not a constructor
    at Object.<anonymous> (/Users/lichuansong/Desktop/wlbj_ Release/wlbj/utils/redisCache.js:48:21)
    at Module._compile (node:internal/modules/cjs/loader:1734:14)
    at Object..js (node:internal/modules/cjs/loader:1899:10)
    at Module.load (node:internal/modules/cjs/loader:1469:32)
    at Function._load (node:internal/modules/cjs/loader:1286:12)
    at TracingChannel.traceSync (node:diagnostics_channel:322:14)
    at wrapModuleLoad (node:internal/modules/cjs/loader:235:24)
    at Module.require (node:internal/modules/cjs/loader:1491:12)
    at require (node:internal/modules/helpers:135:16)
    at Object.<anonymous> (/Users/lichuansong/Desktop/wlbj_ Release/wlbj/app.js:19:38)
[2025-05-31 12:45:40.482 PM] error: 	uncaughtException: SimpleCache is not a constructor
TypeError: SimpleCache is not a constructor
    at Object.<anonymous> (/Users/lichuansong/Desktop/wlbj_ Release/wlbj/utils/redisCache.js:48:21)
    at Module._compile (node:internal/modules/cjs/loader:1734:14)
    at Object..js (node:internal/modules/cjs/loader:1899:10)
    at Module.load (node:internal/modules/cjs/loader:1469:32)
    at Function._load (node:internal/modules/cjs/loader:1286:12)
    at TracingChannel.traceSync (node:diagnostics_channel:322:14)
    at wrapModuleLoad (node:internal/modules/cjs/loader:235:24)
    at Module.require (node:internal/modules/cjs/loader:1491:12)
    at require (node:internal/modules/helpers:135:16)
    at Object.<anonymous> (/Users/lichuansong/Desktop/wlbj_ Release/wlbj/app.js:19:38)
[2025-05-31 13:44:19.756 PM] error: 	uncaughtException: SimpleCache is not a constructor
TypeError: SimpleCache is not a constructor
    at Object.<anonymous> (/Users/lichuansong/Desktop/wlbj_ Release/wlbj/utils/redisCache.js:48:21)
    at Module._compile (node:internal/modules/cjs/loader:1734:14)
    at Object..js (node:internal/modules/cjs/loader:1899:10)
    at Module.load (node:internal/modules/cjs/loader:1469:32)
    at Function._load (node:internal/modules/cjs/loader:1286:12)
    at TracingChannel.traceSync (node:diagnostics_channel:322:14)
    at wrapModuleLoad (node:internal/modules/cjs/loader:235:24)
    at Module.require (node:internal/modules/cjs/loader:1491:12)
    at require (node:internal/modules/helpers:135:16)
    at Object.<anonymous> (/Users/lichuansong/Desktop/wlbj_ Release/wlbj/app.js:19:38)
[2025-05-31 13:45:28.460 PM] error: 	Redis连接错误:
[2025-05-31 13:45:28.511 PM] error: 	Redis连接错误:
[2025-05-31 13:45:28.613 PM] error: 	Redis连接错误:
[2025-05-31 13:45:28.766 PM] error: 	Redis连接错误:
[2025-05-31 13:45:28.969 PM] error: 	Redis连接错误:
[2025-05-31 13:45:29.221 PM] error: 	Redis连接错误:
[2025-05-31 13:45:29.524 PM] error: 	Redis连接错误:
[2025-05-31 13:45:29.876 PM] error: 	Redis连接错误:
[2025-05-31 13:45:30.280 PM] error: 	Redis连接错误:
[2025-05-31 13:45:30.734 PM] error: 	Redis连接错误:
[2025-05-31 13:45:31.237 PM] error: 	Redis连接错误:
[2025-05-31 13:45:31.790 PM] error: 	Redis连接错误:
[2025-05-31 13:45:32.393 PM] error: 	Redis连接错误:
[2025-05-31 13:45:33.045 PM] error: 	Redis连接错误:
[2025-05-31 13:45:33.748 PM] error: 	Redis连接错误:
[2025-05-31 13:45:34.500 PM] error: 	Redis连接错误:
[2025-05-31 13:45:35.302 PM] error: 	Redis连接错误:
[2025-05-31 13:46:05.805 PM] error: 	Redis连接错误:
[2025-05-31 13:46:05.857 PM] error: 	Redis连接错误:
[2025-05-31 13:46:05.959 PM] error: 	Redis连接错误:
[2025-05-31 13:46:06.111 PM] error: 	Redis连接错误:
[2025-05-31 13:46:06.314 PM] error: 	Redis连接错误:
[2025-05-31 13:46:06.565 PM] error: 	Redis连接错误:
[2025-05-31 13:46:06.867 PM] error: 	Redis连接错误:
[2025-05-31 13:46:07.222 PM] error: 	Redis连接错误:
[2025-05-31 13:46:07.627 PM] error: 	Redis连接错误:
[2025-05-31 13:46:08.079 PM] error: 	Redis连接错误:
[2025-05-31 13:46:08.581 PM] error: 	Redis连接错误:
[2025-05-31 13:46:09.135 PM] error: 	Redis连接错误:
[2025-05-31 13:46:09.736 PM] error: 	Redis连接错误:
[2025-05-31 13:46:10.389 PM] error: 	Redis连接错误:
[2025-05-31 13:46:11.093 PM] error: 	Redis连接错误:
[2025-05-31 13:46:11.844 PM] error: 	Redis连接错误:
[2025-05-31 13:46:12.646 PM] error: 	Redis连接错误:
[2025-05-31 13:46:13.498 PM] error: 	Redis连接错误:
[2025-05-31 13:46:14.400 PM] error: 	Redis连接错误:
[2025-05-31 13:46:15.354 PM] error: 	Redis连接错误:
[2025-05-31 14:18:23.429 PM] error: 	未捕获的服务器错误: CacheManager.getLowestQuoteCache is not a function
[2025-05-31 14:18:23.430 PM] error: 	未捕获的服务器错误: CacheManager.getLowestQuoteCache is not a function
[2025-05-31 14:18:23.431 PM] error: 	未捕获的服务器错误: CacheManager.getLowestQuoteCache is not a function
[2025-05-31 14:18:27.989 PM] error: 	未捕获的服务器错误: CacheManager.getLowestQuoteCache is not a function
[2025-05-31 14:18:39.860 PM] error: 	未捕获的服务器错误: CacheManager.getLowestQuoteCache is not a function
[2025-05-31 14:18:39.861 PM] error: 	未捕获的服务器错误: CacheManager.getLowestQuoteCache is not a function
